<?xml version="1.0" encoding="UTF-8"?>
<!-- Generated by org.testng.reporters.JUnitReportReporter -->
<testsuite hostname="DESKTOP-7MK4EF7" failures="0" tests="2" name="secretrialTestCase.EntittyTest" time="42.303" errors="0" timestamp="2023-04-18T16:03:35 IST" skipped="0">
  <testcase classname="secretrialTestCase.EntittyTest" name="Login" time="11.916"/>
  <system-out/>
  <testcase classname="secretrialTestCase.EntittyTest" name="AddNewBranchDetailsClose" time="30.387"/>
  <system-out/>
</testsuite> <!-- secretrialTestCase.EntittyTest -->
