<?xml version="1.0" encoding="UTF-8"?>
<!-- Generated by org.testng.reporters.JUnitReportReporter -->
<testsuite hostname="DESKTOP-7MK4EF7" failures="0" tests="2" name="secretrialTestCase.EntittyTest" time="59.274" errors="0" timestamp="2023-05-18T13:46:22 IST" skipped="0">
  <testcase classname="secretrialTestCase.EntittyTest" name="Login" time="9.983"/>
  <system-out/>
  <testcase classname="secretrialTestCase.EntittyTest" name="DHUploadWithOutFile" time="49.291"/>
  <system-out/>
</testsuite> <!-- secretrialTestCase.EntittyTest -->
