<?xml version="1.0" encoding="UTF-8"?>
<!-- Generated by org.testng.reporters.JUnitReportReporter -->
<testsuite hostname="DESKTOP-7MK4EF7" failures="0" tests="2" name="secretrialTestCase.EntittyTest" time="141.229" errors="0" timestamp="2023-05-19T13:39:00 IST" skipped="0">
  <testcase classname="secretrialTestCase.EntittyTest" name="Login" time="10.601"/>
  <system-out/>
  <testcase classname="secretrialTestCase.EntittyTest" name="DHDAddNewInvalidData" time="130.628"/>
  <system-out/>
</testsuite> <!-- secretrialTestCase.EntittyTest -->
