<?xml version="1.0" encoding="UTF-8"?>
<!-- Generated by org.testng.reporters.JUnitReportReporter -->
<testsuite hostname="DESKTOP-7MK4EF7" failures="0" tests="2" name="secretrialTestCase.EntittyTest" time="31.952" errors="0" timestamp="2023-04-17T16:03:39 IST" skipped="0">
  <testcase classname="secretrialTestCase.EntittyTest" name="Login" time="12.648"/>
  <system-out/>
  <testcase classname="secretrialTestCase.EntittyTest" name="BranchDetailsClick" time="19.304"/>
  <system-out/>
</testsuite> <!-- secretrialTestCase.EntittyTest -->
