<?xml version="1.0" encoding="UTF-8"?>
<!-- Generated by org.testng.reporters.JUnitReportReporter -->
<testsuite hostname="DESKTOP-7MK4EF7" failures="0" tests="1" name="secretrialTestCase.DirectorTest" time="55.978" errors="0" timestamp="2023-07-03T13:19:05 IST" skipped="0">
  <testcase classname="secretrialTestCase.DirectorTest" name="DirectorDIR8" time="55.978"/>
  <system-out/>
</testsuite> <!-- secretrialTestCase.DirectorTest -->
