<?xml version="1.0" encoding="UTF-8"?>
<!-- Generated by org.testng.reporters.JUnitReportReporter -->
<testsuite hostname="DESKTOP-7MK4EF7" failures="0" tests="2" name="secretrialTestCase.EntittyTest" time="147.070" errors="0" timestamp="2023-06-13T19:24:07 IST" skipped="0">
  <testcase classname="secretrialTestCase.EntittyTest" name="Login" time="17.821"/>
  <system-out/>
  <testcase classname="secretrialTestCase.EntittyTest" name="SRMBP3AddNew" time="129.249"/>
  <system-out/>
</testsuite> <!-- secretrialTestCase.EntittyTest -->
