<?xml version="1.0" encoding="UTF-8"?>
<!-- Generated by org.testng.reporters.JUnitReportReporter -->
<testsuite hostname="DESKTOP-7MK4EF7" failures="0" tests="2" name="secretrialTestCase.EntittyTest" time="62.287" errors="0" timestamp="2023-05-02T17:37:51 IST" skipped="0">
  <testcase classname="secretrialTestCase.EntittyTest" name="Login" time="12.313"/>
  <system-out/>
  <testcase classname="secretrialTestCase.EntittyTest" name="LCAddNewBranchDetailsMandatoryfield" time="49.974"/>
  <system-out/>
</testsuite> <!-- secretrialTestCase.EntittyTest -->
