<?xml version="1.0" encoding="UTF-8"?>
<!-- Generated by org.testng.reporters.JUnitReportReporter -->
<testsuite hostname="DESKTOP-J8VA1KP" failures="0" tests="2" name="secretrialTestCase.EntittyTest" time="52.302" errors="0" timestamp="2023-04-06T12:48:09 IST" skipped="0">
  <testcase classname="secretrialTestCase.EntittyTest" name="Login" time="10.750"/>
  <system-out/>
  <testcase classname="secretrialTestCase.EntittyTest" name="ShareholdingValidationEmpty" time="41.552"/>
  <system-out/>
</testsuite> <!-- secretrialTestCase.EntittyTest -->
