<?xml version="1.0" encoding="UTF-8"?>
<!-- Generated by org.testng.reporters.JUnitReportReporter -->
<testsuite hostname="DESKTOP-J8VA1KP" failures="0" tests="2" name="secretrialTestCase.MastersTest" time="40.482" errors="0" timestamp="2023-04-05T18:22:29 IST" skipped="0">
  <testcase classname="secretrialTestCase.MastersTest" name="Login" time="12.326"/>
  <system-out/>
  <testcase classname="secretrialTestCase.MastersTest" name="Notes" time="28.156"/>
  <system-out/>
</testsuite> <!-- secretrialTestCase.MastersTest -->
