<?xml version="1.0" encoding="UTF-8"?>
<!-- Generated by org.testng.reporters.JUnitReportReporter -->
<testsuite hostname="DESKTOP-7MK4EF7" failures="0" tests="4" name="secretrialTestCase.EntittyTest" time="107.215" errors="0" timestamp="2023-04-19T13:43:31 IST" skipped="0">
  <testcase classname="secretrialTestCase.EntittyTest" name="Login" time="14.758"/>
  <system-out/>
  <testcase classname="secretrialTestCase.EntittyTest" name="BankDetailEditInvalid" time="41.979"/>
  <system-out/>
  <testcase classname="secretrialTestCase.EntittyTest" name="BankDetailDelete" time="27.024"/>
  <system-out/>
  <testcase classname="secretrialTestCase.EntittyTest" name="BankDetailDeleteCan" time="23.454"/>
  <system-out/>
</testsuite> <!-- secretrialTestCase.EntittyTest -->
