<?xml version="1.0" encoding="UTF-8"?>
<!-- Generated by org.testng.reporters.JUnitReportReporter -->
<testsuite hostname="DESKTOP-CMCT864" failures="0" tests="2" name="secretrialTestCase.EntittyTest" time="85.152" errors="0" timestamp="2023-04-14T18:45:43 IST" skipped="0">
  <testcase classname="secretrialTestCase.EntittyTest" name="Login" time="19.836"/>
  <system-out/>
  <testcase classname="secretrialTestCase.EntittyTest" name="DocumentsADDLicenseRegiInvalid" time="65.316"/>
  <system-out/>
</testsuite> <!-- secretrialTestCase.EntittyTest -->
