<?xml version="1.0" encoding="UTF-8"?>
<!-- Generated by org.testng.reporters.JUnitReportReporter -->
<testsuite hostname="DESKTOP-7MK4EF7" failures="0" tests="2" name="secretrialTestCase.EntittyTest" time="50.297" errors="0" timestamp="2023-05-25T16:38:52 IST" skipped="0">
  <testcase classname="secretrialTestCase.EntittyTest" name="Login" time="10.103"/>
  <system-out/>
  <testcase classname="secretrialTestCase.EntittyTest" name="SRSh2DwonGR" time="40.194"/>
  <system-out/>
</testsuite> <!-- secretrialTestCase.EntittyTest -->
