<?xml version="1.0" encoding="UTF-8"?>
<!-- Generated by org.testng.reporters.JUnitReportReporter -->
<testsuite hostname="DESKTOP-7MK4EF7" failures="0" tests="2" name="secretrialTestCase.EntittyTest" time="52.423" errors="0" timestamp="2023-05-24T17:22:26 IST" skipped="0">
  <testcase classname="secretrialTestCase.EntittyTest" name="Login" time="10.759"/>
  <system-out/>
  <testcase classname="secretrialTestCase.EntittyTest" name="SRDEPOSITDwonGR" time="41.664"/>
  <system-out/>
</testsuite> <!-- secretrialTestCase.EntittyTest -->
