<?xml version="1.0" encoding="UTF-8"?>
<!-- Generated by org.testng.reporters.JUnitReportReporter -->
<testsuite hostname="DESKTOP-J8VA1KP" failures="0" tests="1" name="CommitteTest.Committee" time="12.010" errors="0" timestamp="2023-03-31T18:13:18 IST" skipped="0">
  <testcase classname="CommitteTest.Committee" name="Login" time="12.010"/>
  <system-out/>
</testsuite> <!-- CommitteTest.Committee -->
