<?xml version="1.0" encoding="UTF-8"?>
<!-- Generated by org.testng.reporters.JUnitReportReporter -->
<testsuite hostname="DESKTOP-7MK4EF7" failures="0" tests="2" name="secretrialTestCase.EntittyTest" time="59.367" errors="0" timestamp="2023-06-12T18:11:13 IST" skipped="0">
  <testcase classname="secretrialTestCase.EntittyTest" name="Login" time="12.816"/>
  <system-out/>
  <testcase classname="secretrialTestCase.EntittyTest" name="SRMB2UploadwithoutFileActionTab" time="46.551"/>
  <system-out/>
</testsuite> <!-- secretrialTestCase.EntittyTest -->
