<?xml version="1.0" encoding="UTF-8"?>
<!-- Generated by org.testng.reporters.JUnitReportReporter -->
<testsuite hostname="DESKTOP-7MK4EF7" failures="0" tests="2" name="secretrialTestCase.EntittyTest" time="56.495" errors="0" timestamp="2023-04-25T15:31:19 IST" skipped="0">
  <testcase classname="secretrialTestCase.EntittyTest" name="Login" time="11.965"/>
  <system-out/>
  <testcase classname="secretrialTestCase.EntittyTest" name="PLEditBranchDetails" time="44.530"/>
  <system-out/>
</testsuite> <!-- secretrialTestCase.EntittyTest -->
