<?xml version="1.0" encoding="UTF-8"?>
<!-- Generated by org.testng.reporters.JUnitReportReporter -->
<testsuite hostname="DESKTOP-7MK4EF7" failures="0" tests="1" name="secretrialTestCase.DirectorTest" time="69.410" errors="0" timestamp="2023-06-20T19:07:47 IST" skipped="0">
  <testcase classname="secretrialTestCase.DirectorTest" name="DirectorLOR" time="69.410"/>
  <system-out/>
</testsuite> <!-- secretrialTestCase.DirectorTest -->
